0 info it worked if it ends with ok
1 verbose cli [ '/Users/tylernappy/.nvm/versions/node/v6.9.5/bin/node',
1 verbose cli   '/Users/tylernappy/.nvm/versions/node/v6.9.5/bin/npm',
1 verbose cli   'start' ]
2 info using npm@3.10.10
3 info using node@v6.9.5
4 verbose run-script [ 'prestart', 'start', 'poststart' ]
5 info lifecycle botkit-starter-slack@0.0.2~prestart: botkit-starter-slack@0.0.2
6 silly lifecycle botkit-starter-slack@0.0.2~prestart: no script for prestart, continuing
7 info lifecycle botkit-starter-slack@0.0.2~start: botkit-starter-slack@0.0.2
8 verbose lifecycle botkit-starter-slack@0.0.2~start: unsafe-perm in lifecycle true
9 verbose lifecycle botkit-starter-slack@0.0.2~start: PATH: /Users/tylernappy/.nvm/versions/node/v6.9.5/lib/node_modules/npm/bin/node-gyp-bin:/Users/tylernappy/node_projects/waitnomore-server/node_modules/.bin:/Users/tylernappy/.nvm/versions/node/v6.9.5/bin:/Users/tylernappy/.rvm/gems/ruby-2.0.0-p648/bin:/Users/tylernappy/.rvm/gems/ruby-2.0.0-p648@global/bin:/Users/tylernappy/.rvm/rubies/ruby-2.0.0-p648/bin:/usr/local/bin:/usr/bin:/bin:/usr/sbin:/sbin:/Users/tylernappy/.rvm/bin
10 verbose lifecycle botkit-starter-slack@0.0.2~start: CWD: /Users/tylernappy/node_projects/waitnomore-server
11 silly lifecycle botkit-starter-slack@0.0.2~start: Args: [ '-c', 'node bot.js' ]
12 silly lifecycle botkit-starter-slack@0.0.2~start: Returned: code: 1  signal: null
13 info lifecycle botkit-starter-slack@0.0.2~start: Failed to exec start script
14 verbose stack Error: botkit-starter-slack@0.0.2 start: `node bot.js`
14 verbose stack Exit status 1
14 verbose stack     at EventEmitter.<anonymous> (/Users/tylernappy/.nvm/versions/node/v6.9.5/lib/node_modules/npm/lib/utils/lifecycle.js:255:16)
14 verbose stack     at emitTwo (events.js:106:13)
14 verbose stack     at EventEmitter.emit (events.js:191:7)
14 verbose stack     at ChildProcess.<anonymous> (/Users/tylernappy/.nvm/versions/node/v6.9.5/lib/node_modules/npm/lib/utils/spawn.js:40:14)
14 verbose stack     at emitTwo (events.js:106:13)
14 verbose stack     at ChildProcess.emit (events.js:191:7)
14 verbose stack     at maybeClose (internal/child_process.js:877:16)
14 verbose stack     at Process.ChildProcess._handle.onexit (internal/child_process.js:226:5)
15 verbose pkgid botkit-starter-slack@0.0.2
16 verbose cwd /Users/tylernappy/node_projects/waitnomore-server
17 error Darwin 16.1.0
18 error argv "/Users/tylernappy/.nvm/versions/node/v6.9.5/bin/node" "/Users/tylernappy/.nvm/versions/node/v6.9.5/bin/npm" "start"
19 error node v6.9.5
20 error npm  v3.10.10
21 error code ELIFECYCLE
22 error botkit-starter-slack@0.0.2 start: `node bot.js`
22 error Exit status 1
23 error Failed at the botkit-starter-slack@0.0.2 start script 'node bot.js'.
23 error Make sure you have the latest version of node.js and npm installed.
23 error If you do, this is most likely a problem with the botkit-starter-slack package,
23 error not with npm itself.
23 error Tell the author that this fails on your system:
23 error     node bot.js
23 error You can get information on how to open an issue for this project with:
23 error     npm bugs botkit-starter-slack
23 error Or if that isn't available, you can get their info via:
23 error     npm owner ls botkit-starter-slack
23 error There is likely additional logging output above.
24 verbose exit [ 1, true ]
